[20:08:35] [Client thread/INFO]: Setting user: Player395
[20:08:36] [Client thread/WARN]: Skipping bad option: lastServer:
[20:08:36] [Client thread/INFO]: LWJGL Version: 2.9.4
[20:08:37] [Client thread/INFO]: Reloading ResourceManager: Default
[20:08:37] [Client thread/WARN]: Missing sound for event: minecraft:ambient.cave
[20:08:37] [Client thread/WARN]: Missing sound for event: minecraft:block.anvil.break
[20:08:37] [Client thread/WARN]: Missing sound for event: minecraft:block.anvil.destroy
[20:08:37] [Client thread/WARN]: Missing sound for event: minecraft:block.anvil.fall
[20:08:37] [Client thread/WARN]: Missing sound for event: minecraft:block.anvil.hit
[20:08:37] [Client thread/WARN]: Missing sound for event: minecraft:block.anvil.land
[20:08:37] [Client thread/WARN]: Missing sound for event: minecraft:block.anvil.place
[20:08:37] [Client thread/WARN]: Missing sound for event: minecraft:block.anvil.step
[20:08:37] [Client thread/WARN]: Missing sound for event: minecraft:block.anvil.use
[20:08:37] [Client thread/WARN]: Missing sound for event: minecraft:block.brewing_stand.brew
[20:08:37] [Client thread/WARN]: Missing sound for event: minecraft:block.chest.close
[20:08:37] [Client thread/WARN]: Missing sound for event: minecraft:block.chest.locked
[20:08:37] [Client thread/WARN]: Missing sound for event: minecraft:block.chest.open
[20:08:37] [Client thread/WARN]: Missing sound for event: minecraft:block.chorus_flower.death
[20:08:37] [Client thread/WARN]: Missing sound for event: minecraft:block.chorus_flower.grow
[20:08:37] [Client thread/WARN]: Missing sound for event: minecraft:block.cloth.break
[20:08:37] [Client thread/WARN]: Missing sound for event: minecraft:block.cloth.fall
[20:08:37] [Client thread/WARN]: Missing sound for event: minecraft:block.cloth.hit
[20:08:37] [Client thread/WARN]: Missing sound for event: minecraft:block.cloth.place
[20:08:37] [Client thread/WARN]: Missing sound for event: minecraft:block.cloth.step
[20:08:37] [Client thread/WARN]: Missing sound for event: minecraft:block.comparator.click
[20:08:37] [Client thread/WARN]: Missing sound for event: minecraft:block.dispenser.dispense
[20:08:37] [Client thread/WARN]: Missing sound for event: minecraft:block.dispenser.fail
[20:08:37] [Client thread/WARN]: Missing sound for event: minecraft:block.dispenser.launch
[20:08:37] [Client thread/WARN]: Missing sound for event: minecraft:block.enchantment_table.use
[20:08:37] [Client thread/WARN]: Missing sound for event: minecraft:block.end_gateway.spawn
[20:08:37] [Client thread/WARN]: Missing sound for event: minecraft:block.enderchest.close
[20:08:37] [Client thread/WARN]: Missing sound for event: minecraft:block.enderchest.open
[20:08:37] [Client thread/WARN]: Missing sound for event: minecraft:block.fence_gate.close
[20:08:37] [Client thread/WARN]: Missing sound for event: minecraft:block.fence_gate.open
[20:08:37] [Client thread/WARN]: Missing sound for event: minecraft:block.fire.ambient
[20:08:37] [Client thread/WARN]: Missing sound for event: minecraft:block.fire.extinguish
[20:08:37] [Client thread/WARN]: Missing sound for event: minecraft:block.furnace.fire_crackle
[20:08:37] [Client thread/WARN]: Missing sound for event: minecraft:block.glass.break
[20:08:37] [Client thread/WARN]: Missing sound for event: minecraft:block.glass.fall
[20:08:37] [Client thread/WARN]: Missing sound for event: minecraft:block.glass.hit
[20:08:37] [Client thread/WARN]: Missing sound for event: minecraft:block.glass.place
[20:08:37] [Client thread/WARN]: Missing sound for event: minecraft:block.glass.step
[20:08:37] [Client thread/WARN]: Missing sound for event: minecraft:block.grass.break
[20:08:37] [Client thread/WARN]: Missing sound for event: minecraft:block.grass.fall
[20:08:37] [Client thread/WARN]: Missing sound for event: minecraft:block.grass.hit
[20:08:37] [Client thread/WARN]: Missing sound for event: minecraft:block.grass.place
[20:08:37] [Client thread/WARN]: Missing sound for event: minecraft:block.grass.step
[20:08:37] [Client thread/WARN]: Missing sound for event: minecraft:block.gravel.break
[20:08:37] [Client thread/WARN]: Missing sound for event: minecraft:block.gravel.fall
[20:08:37] [Client thread/WARN]: Missing sound for event: minecraft:block.gravel.hit
[20:08:37] [Client thread/WARN]: Missing sound for event: minecraft:block.gravel.place
[20:08:37] [Client thread/WARN]: Missing sound for event: minecraft:block.gravel.step
[20:08:37] [Client thread/WARN]: Missing sound for event: minecraft:block.iron_door.close
[20:08:37] [Client thread/WARN]: Missing sound for event: minecraft:block.iron_door.open
[20:08:37] [Client thread/WARN]: Missing sound for event: minecraft:block.iron_trapdoor.close
[20:08:37] [Client thread/WARN]: Missing sound for event: minecraft:block.iron_trapdoor.open
[20:08:37] [Client thread/WARN]: Missing sound for event: minecraft:block.ladder.break
[20:08:37] [Client thread/WARN]: Missing sound for event: minecraft:block.ladder.fall
[20:08:37] [Client thread/WARN]: Missing sound for event: minecraft:block.ladder.hit
[20:08:37] [Client thread/WARN]: Missing sound for event: minecraft:block.ladder.place
[20:08:37] [Client thread/WARN]: Missing sound for event: minecraft:block.ladder.step
[20:08:37] [Client thread/WARN]: Missing sound for event: minecraft:block.lava.ambient
[20:08:37] [Client thread/WARN]: Missing sound for event: minecraft:block.lava.extinguish
[20:08:37] [Client thread/WARN]: Missing sound for event: minecraft:block.lava.pop
[20:08:37] [Client thread/WARN]: Missing sound for event: minecraft:block.lever.click
[20:08:37] [Client thread/WARN]: Missing sound for event: minecraft:block.metal.break
[20:08:37] [Client thread/WARN]: Missing sound for event: minecraft:block.metal.fall
[20:08:37] [Client thread/WARN]: Missing sound for event: minecraft:block.metal.hit
[20:08:37] [Client thread/WARN]: Missing sound for event: minecraft:block.metal.place
[20:08:37] [Client thread/WARN]: Missing sound for event: minecraft:block.metal.step
[20:08:37] [Client thread/WARN]: Missing sound for event: minecraft:block.metal_pressureplate.click_off
[20:08:37] [Client thread/WARN]: Missing sound for event: minecraft:block.metal_pressureplate.click_on
[20:08:37] [Client thread/WARN]: Missing sound for event: minecraft:block.note.basedrum
[20:08:37] [Client thread/WARN]: Missing sound for event: minecraft:block.note.bass
[20:08:37] [Client thread/WARN]: Missing sound for event: minecraft:block.note.harp
[20:08:37] [Client thread/WARN]: Missing sound for event: minecraft:block.note.hat
[20:08:37] [Client thread/WARN]: Missing sound for event: minecraft:block.note.pling
[20:08:37] [Client thread/WARN]: Missing sound for event: minecraft:block.note.snare
[20:08:37] [Client thread/WARN]: Missing sound for event: minecraft:block.piston.contract
[20:08:37] [Client thread/WARN]: Missing sound for event: minecraft:block.piston.extend
[20:08:37] [Client thread/WARN]: Missing sound for event: minecraft:block.portal.ambient
[20:08:37] [Client thread/WARN]: Missing sound for event: minecraft:block.portal.travel
[20:08:37] [Client thread/WARN]: Missing sound for event: minecraft:block.portal.trigger
[20:08:37] [Client thread/WARN]: Missing sound for event: minecraft:block.redstone_torch.burnout
[20:08:37] [Client thread/WARN]: Missing sound for event: minecraft:block.sand.break
[20:08:37] [Client thread/WARN]: Missing sound for event: minecraft:block.sand.fall
[20:08:37] [Client thread/WARN]: Missing sound for event: minecraft:block.sand.hit
[20:08:37] [Client thread/WARN]: Missing sound for event: minecraft:block.sand.place
[20:08:37] [Client thread/WARN]: Missing sound for event: minecraft:block.sand.step
[20:08:37] [Client thread/WARN]: Missing sound for event: minecraft:block.slime.break
[20:08:37] [Client thread/WARN]: Missing sound for event: minecraft:block.slime.fall
[20:08:37] [Client thread/WARN]: Missing sound for event: minecraft:block.slime.hit
[20:08:37] [Client thread/WARN]: Missing sound for event: minecraft:block.slime.place
[20:08:37] [Client thread/WARN]: Missing sound for event: minecraft:block.slime.step
[20:08:37] [Client thread/WARN]: Missing sound for event: minecraft:block.snow.break
[20:08:37] [Client thread/WARN]: Missing sound for event: minecraft:block.snow.fall
[20:08:37] [Client thread/WARN]: Missing sound for event: minecraft:block.snow.hit
[20:08:37] [Client thread/WARN]: Missing sound for event: minecraft:block.snow.place
[20:08:37] [Client thread/WARN]: Missing sound for event: minecraft:block.snow.step
[20:08:37] [Client thread/WARN]: Missing sound for event: minecraft:block.stone.break
[20:08:37] [Client thread/WARN]: Missing sound for event: minecraft:block.stone.fall
[20:08:37] [Client thread/WARN]: Missing sound for event: minecraft:block.stone.hit
[20:08:37] [Client thread/WARN]: Missing sound for event: minecraft:block.stone.place
[20:08:37] [Client thread/WARN]: Missing sound for event: minecraft:block.stone.step
[20:08:37] [Client thread/WARN]: Missing sound for event: minecraft:block.stone_button.click_off
[20:08:37] [Client thread/WARN]: Missing sound for event: minecraft:block.stone_button.click_on
[20:08:37] [Client thread/WARN]: Missing sound for event: minecraft:block.stone_pressureplate.click_off
[20:08:37] [Client thread/WARN]: Missing sound for event: minecraft:block.stone_pressureplate.click_on
[20:08:37] [Client thread/WARN]: Missing sound for event: minecraft:block.tripwire.attach
[20:08:37] [Client thread/WARN]: Missing sound for event: minecraft:block.tripwire.click_off
[20:08:37] [Client thread/WARN]: Missing sound for event: minecraft:block.tripwire.click_on
[20:08:37] [Client thread/WARN]: Missing sound for event: minecraft:block.tripwire.detach
[20:08:37] [Client thread/WARN]: Missing sound for event: minecraft:block.water.ambient
[20:08:37] [Client thread/WARN]: Missing sound for event: minecraft:block.waterlily.place
[20:08:37] [Client thread/WARN]: Missing sound for event: minecraft:block.wood.break
[20:08:37] [Client thread/WARN]: Missing sound for event: minecraft:block.wood.fall
[20:08:37] [Client thread/WARN]: Missing sound for event: minecraft:block.wood.hit
[20:08:37] [Client thread/WARN]: Missing sound for event: minecraft:block.wood.place
[20:08:37] [Client thread/WARN]: Missing sound for event: minecraft:block.wood.step
[20:08:37] [Client thread/WARN]: Missing sound for event: minecraft:block.wood_button.click_off
[20:08:37] [Client thread/WARN]: Missing sound for event: minecraft:block.wood_button.click_on
[20:08:37] [Client thread/WARN]: Missing sound for event: minecraft:block.wood_pressureplate.click_off
[20:08:37] [Client thread/WARN]: Missing sound for event: minecraft:block.wood_pressureplate.click_on
[20:08:37] [Client thread/WARN]: Missing sound for event: minecraft:block.wooden_door.close
[20:08:37] [Client thread/WARN]: Missing sound for event: minecraft:block.wooden_door.open
[20:08:37] [Client thread/WARN]: Missing sound for event: minecraft:block.wooden_trapdoor.close
[20:08:37] [Client thread/WARN]: Missing sound for event: minecraft:block.wooden_trapdoor.open
[20:08:37] [Client thread/WARN]: Missing sound for event: minecraft:enchant.thorns.hit
[20:08:37] [Client thread/WARN]: Missing sound for event: minecraft:entity.armorstand.break
[20:08:37] [Client thread/WARN]: Missing sound for event: minecraft:entity.armorstand.fall
[20:08:37] [Client thread/WARN]: Missing sound for event: minecraft:entity.armorstand.hit
[20:08:37] [Client thread/WARN]: Missing sound for event: minecraft:entity.armorstand.place
[20:08:37] [Client thread/WARN]: Missing sound for event: minecraft:entity.arrow.hit
[20:08:37] [Client thread/WARN]: Missing sound for event: minecraft:entity.arrow.hit_player
[20:08:37] [Client thread/WARN]: Missing sound for event: minecraft:entity.arrow.shoot
[20:08:37] [Client thread/WARN]: Missing sound for event: minecraft:entity.bat.ambient
[20:08:37] [Client thread/WARN]: Missing sound for event: minecraft:entity.bat.death
[20:08:37] [Client thread/WARN]: Missing sound for event: minecraft:entity.bat.hurt
[20:08:37] [Client thread/WARN]: Missing sound for event: minecraft:entity.bat.loop
[20:08:37] [Client thread/WARN]: Missing sound for event: minecraft:entity.bat.takeoff
[20:08:37] [Client thread/WARN]: Missing sound for event: minecraft:entity.blaze.ambient
[20:08:37] [Client thread/WARN]: Missing sound for event: minecraft:entity.blaze.burn
[20:08:37] [Client thread/WARN]: Missing sound for event: minecraft:entity.blaze.death
[20:08:37] [Client thread/WARN]: Missing sound for event: minecraft:entity.blaze.hurt
[20:08:37] [Client thread/WARN]: Missing sound for event: minecraft:entity.blaze.shoot
[20:08:37] [Client thread/WARN]: Missing sound for event: minecraft:entity.bobber.splash
[20:08:37] [Client thread/WARN]: Missing sound for event: minecraft:entity.bobber.throw
[20:08:37] [Client thread/WARN]: Missing sound for event: minecraft:entity.cat.ambient
[20:08:37] [Client thread/WARN]: Missing sound for event: minecraft:entity.cat.death
[20:08:37] [Client thread/WARN]: Missing sound for event: minecraft:entity.cat.hiss
[20:08:37] [Client thread/WARN]: Missing sound for event: minecraft:entity.cat.hurt
[20:08:37] [Client thread/WARN]: Missing sound for event: minecraft:entity.cat.purr
[20:08:37] [Client thread/WARN]: Missing sound for event: minecraft:entity.cat.purreow
[20:08:37] [Client thread/WARN]: Missing sound for event: minecraft:entity.chicken.ambient
[20:08:37] [Client thread/WARN]: Missing sound for event: minecraft:entity.chicken.death
[20:08:37] [Client thread/WARN]: Missing sound for event: minecraft:entity.chicken.egg
[20:08:37] [Client thread/WARN]: Missing sound for event: minecraft:entity.chicken.hurt
[20:08:37] [Client thread/WARN]: Missing sound for event: minecraft:entity.chicken.step
[20:08:37] [Client thread/WARN]: Missing sound for event: minecraft:entity.cow.ambient
[20:08:37] [Client thread/WARN]: Missing sound for event: minecraft:entity.cow.death
[20:08:37] [Client thread/WARN]: Missing sound for event: minecraft:entity.cow.hurt
[20:08:37] [Client thread/WARN]: Missing sound for event: minecraft:entity.cow.milk
[20:08:37] [Client thread/WARN]: Missing sound for event: minecraft:entity.cow.step
[20:08:37] [Client thread/WARN]: Missing sound for event: minecraft:entity.creeper.death
[20:08:37] [Client thread/WARN]: Missing sound for event: minecraft:entity.creeper.hurt
[20:08:37] [Client thread/WARN]: Missing sound for event: minecraft:entity.creeper.primed
[20:08:37] [Client thread/WARN]: Missing sound for event: minecraft:entity.donkey.ambient
[20:08:37] [Client thread/WARN]: Missing sound for event: minecraft:entity.donkey.angry
[20:08:37] [Client thread/WARN]: Missing sound for event: minecraft:entity.donkey.chest
[20:08:37] [Client thread/WARN]: Missing sound for event: minecraft:entity.donkey.death
[20:08:37] [Client thread/WARN]: Missing sound for event: minecraft:entity.donkey.hurt
[20:08:37] [Client thread/WARN]: Missing sound for event: minecraft:entity.egg.throw
[20:08:37] [Client thread/WARN]: Missing sound for event: minecraft:entity.elder_guardian.ambient
[20:08:37] [Client thread/WARN]: Missing sound for event: minecraft:entity.elder_guardian.ambient_land
[20:08:37] [Client thread/WARN]: Missing sound for event: minecraft:entity.elder_guardian.curse
[20:08:37] [Client thread/WARN]: Missing sound for event: minecraft:entity.elder_guardian.death
[20:08:37] [Client thread/WARN]: Missing sound for event: minecraft:entity.elder_guardian.death_land
[20:08:37] [Client thread/WARN]: Missing sound for event: minecraft:entity.elder_guardian.hurt
[20:08:37] [Client thread/WARN]: Missing sound for event: minecraft:entity.elder_guardian.hurt_land
[20:08:37] [Client thread/WARN]: Missing sound for event: minecraft:entity.enderdragon.ambient
[20:08:37] [Client thread/WARN]: Missing sound for event: minecraft:entity.enderdragon.death
[20:08:37] [Client thread/WARN]: Missing sound for event: minecraft:entity.enderdragon.flap
[20:08:37] [Client thread/WARN]: Missing sound for event: minecraft:entity.enderdragon.growl
[20:08:37] [Client thread/WARN]: Missing sound for event: minecraft:entity.enderdragon.hurt
[20:08:37] [Client thread/WARN]: Missing sound for event: minecraft:entity.enderdragon.shoot
[20:08:37] [Client thread/WARN]: Missing sound for event: minecraft:entity.enderdragon_fireball.explode
[20:08:37] [Client thread/WARN]: Missing sound for event: minecraft:entity.endereye.launch
[20:08:37] [Client thread/WARN]: Missing sound for event: minecraft:entity.endermen.ambient
[20:08:37] [Client thread/WARN]: Missing sound for event: minecraft:entity.endermen.death
[20:08:37] [Client thread/WARN]: Missing sound for event: minecraft:entity.endermen.hurt
[20:08:37] [Client thread/WARN]: Missing sound for event: minecraft:entity.endermen.scream
[20:08:37] [Client thread/WARN]: Missing sound for event: minecraft:entity.endermen.stare
[20:08:37] [Client thread/WARN]: Missing sound for event: minecraft:entity.endermen.teleport
[20:08:37] [Client thread/WARN]: Missing sound for event: minecraft:entity.endermite.ambient
[20:08:37] [Client thread/WARN]: Missing sound for event: minecraft:entity.endermite.death
[20:08:37] [Client thread/WARN]: Missing sound for event: minecraft:entity.endermite.hurt
[20:08:37] [Client thread/WARN]: Missing sound for event: minecraft:entity.endermite.step
[20:08:37] [Client thread/WARN]: Missing sound for event: minecraft:entity.enderpearl.throw
[20:08:37] [Client thread/WARN]: Missing sound for event: minecraft:entity.experience_bottle.throw
[20:08:37] [Client thread/WARN]: Missing sound for event: minecraft:entity.experience_orb.pickup
[20:08:37] [Client thread/WARN]: Missing sound for event: minecraft:entity.experience_orb.touch
[20:08:37] [Client thread/WARN]: Missing sound for event: minecraft:entity.firework.blast
[20:08:37] [Client thread/WARN]: Missing sound for event: minecraft:entity.firework.blast_far
[20:08:37] [Client thread/WARN]: Missing sound for event: minecraft:entity.firework.large_blast
[20:08:37] [Client thread/WARN]: Missing sound for event: minecraft:entity.firework.large_blast_far
[20:08:37] [Client thread/WARN]: Missing sound for event: minecraft:entity.firework.launch
[20:08:37] [Client thread/WARN]: Missing sound for event: minecraft:entity.firework.shoot
[20:08:37] [Client thread/WARN]: Missing sound for event: minecraft:entity.firework.twinkle
[20:08:37] [Client thread/WARN]: Missing sound for event: minecraft:entity.firework.twinkle_far
[20:08:37] [Client thread/WARN]: Missing sound for event: minecraft:entity.generic.big_fall
[20:08:37] [Client thread/WARN]: Missing sound for event: minecraft:entity.generic.burn
[20:08:37] [Client thread/WARN]: Missing sound for event: minecraft:entity.generic.death
[20:08:37] [Client thread/WARN]: Missing sound for event: minecraft:entity.generic.drink
[20:08:37] [Client thread/WARN]: Missing sound for event: minecraft:entity.generic.eat
[20:08:37] [Client thread/WARN]: Missing sound for event: minecraft:entity.generic.explode
[20:08:37] [Client thread/WARN]: Missing sound for event: minecraft:entity.generic.extinguish_fire
[20:08:37] [Client thread/WARN]: Missing sound for event: minecraft:entity.generic.hurt
[20:08:37] [Client thread/WARN]: Missing sound for event: minecraft:entity.generic.small_fall
[20:08:37] [Client thread/WARN]: Missing sound for event: minecraft:entity.generic.splash
[20:08:37] [Client thread/WARN]: Missing sound for event: minecraft:entity.generic.swim
[20:08:37] [Client thread/WARN]: Missing sound for event: minecraft:entity.ghast.ambient
[20:08:37] [Client thread/WARN]: Missing sound for event: minecraft:entity.ghast.death
[20:08:37] [Client thread/WARN]: Missing sound for event: minecraft:entity.ghast.hurt
[20:08:37] [Client thread/WARN]: Missing sound for event: minecraft:entity.ghast.scream
[20:08:37] [Client thread/WARN]: Missing sound for event: minecraft:entity.ghast.shoot
[20:08:37] [Client thread/WARN]: Missing sound for event: minecraft:entity.ghast.warn
[20:08:37] [Client thread/WARN]: Missing sound for event: minecraft:entity.guardian.ambient
[20:08:37] [Client thread/WARN]: Missing sound for event: minecraft:entity.guardian.ambient_land
[20:08:37] [Client thread/WARN]: Missing sound for event: minecraft:entity.guardian.attack
[20:08:37] [Client thread/WARN]: Missing sound for event: minecraft:entity.guardian.death
[20:08:37] [Client thread/WARN]: Missing sound for event: minecraft:entity.guardian.death_land
[20:08:37] [Client thread/WARN]: Missing sound for event: minecraft:entity.guardian.flop
[20:08:37] [Client thread/WARN]: Missing sound for event: minecraft:entity.guardian.hurt
[20:08:37] [Client thread/WARN]: Missing sound for event: minecraft:entity.guardian.hurt_land
[20:08:37] [Client thread/WARN]: Missing sound for event: minecraft:entity.horse.ambient
[20:08:37] [Client thread/WARN]: Missing sound for event: minecraft:entity.horse.angry
[20:08:37] [Client thread/WARN]: Missing sound for event: minecraft:entity.horse.armor
[20:08:37] [Client thread/WARN]: Missing sound for event: minecraft:entity.horse.breathe
[20:08:37] [Client thread/WARN]: Missing sound for event: minecraft:entity.horse.death
[20:08:37] [Client thread/WARN]: Missing sound for event: minecraft:entity.horse.eat
[20:08:37] [Client thread/WARN]: Missing sound for event: minecraft:entity.horse.gallop
[20:08:37] [Client thread/WARN]: Missing sound for event: minecraft:entity.horse.hurt
[20:08:37] [Client thread/WARN]: Missing sound for event: minecraft:entity.horse.jump
[20:08:37] [Client thread/WARN]: Missing sound for event: minecraft:entity.horse.land
[20:08:37] [Client thread/WARN]: Missing sound for event: minecraft:entity.horse.saddle
[20:08:37] [Client thread/WARN]: Missing sound for event: minecraft:entity.horse.step
[20:08:37] [Client thread/WARN]: Missing sound for event: minecraft:entity.horse.step_wood
[20:08:37] [Client thread/WARN]: Missing sound for event: minecraft:entity.hostile.big_fall
[20:08:37] [Client thread/WARN]: Missing sound for event: minecraft:entity.hostile.death
[20:08:37] [Client thread/WARN]: Missing sound for event: minecraft:entity.hostile.hurt
[20:08:37] [Client thread/WARN]: Missing sound for event: minecraft:entity.hostile.small_fall
[20:08:37] [Client thread/WARN]: Missing sound for event: minecraft:entity.hostile.splash
[20:08:37] [Client thread/WARN]: Missing sound for event: minecraft:entity.hostile.swim
[20:08:37] [Client thread/WARN]: Missing sound for event: minecraft:entity.husk.ambient
[20:08:37] [Client thread/WARN]: Missing sound for event: minecraft:entity.husk.death
[20:08:37] [Client thread/WARN]: Missing sound for event: minecraft:entity.husk.hurt
[20:08:37] [Client thread/WARN]: Missing sound for event: minecraft:entity.husk.step
[20:08:37] [Client thread/WARN]: Missing sound for event: minecraft:entity.irongolem.attack
[20:08:37] [Client thread/WARN]: Missing sound for event: minecraft:entity.irongolem.death
[20:08:37] [Client thread/WARN]: Missing sound for event: minecraft:entity.irongolem.hurt
[20:08:37] [Client thread/WARN]: Missing sound for event: minecraft:entity.irongolem.step
[20:08:37] [Client thread/WARN]: Missing sound for event: minecraft:entity.item.break
[20:08:37] [Client thread/WARN]: Missing sound for event: minecraft:entity.item.pickup
[20:08:37] [Client thread/WARN]: Missing sound for event: minecraft:entity.itemframe.add_item
[20:08:37] [Client thread/WARN]: Missing sound for event: minecraft:entity.itemframe.break
[20:08:37] [Client thread/WARN]: Missing sound for event: minecraft:entity.itemframe.place
[20:08:37] [Client thread/WARN]: Missing sound for event: minecraft:entity.itemframe.remove_item
[20:08:37] [Client thread/WARN]: Missing sound for event: minecraft:entity.itemframe.rotate_item
[20:08:37] [Client thread/WARN]: Missing sound for event: minecraft:entity.leashknot.break
[20:08:37] [Client thread/WARN]: Missing sound for event: minecraft:entity.leashknot.place
[20:08:37] [Client thread/WARN]: Missing sound for event: minecraft:entity.lightning.impact
[20:08:37] [Client thread/WARN]: Missing sound for event: minecraft:entity.lightning.thunder
[20:08:37] [Client thread/WARN]: Missing sound for event: minecraft:entity.lingeringpotion.throw
[20:08:37] [Client thread/WARN]: Missing sound for event: minecraft:entity.magmacube.death
[20:08:37] [Client thread/WARN]: Missing sound for event: minecraft:entity.magmacube.hurt
[20:08:37] [Client thread/WARN]: Missing sound for event: minecraft:entity.magmacube.jump
[20:08:37] [Client thread/WARN]: Missing sound for event: minecraft:entity.magmacube.squish
[20:08:37] [Client thread/WARN]: Missing sound for event: minecraft:entity.minecart.inside
[20:08:37] [Client thread/WARN]: Missing sound for event: minecraft:entity.minecart.riding
[20:08:37] [Client thread/WARN]: Missing sound for event: minecraft:entity.mooshroom.shear
[20:08:37] [Client thread/WARN]: Missing sound for event: minecraft:entity.mule.ambient
[20:08:37] [Client thread/WARN]: Missing sound for event: minecraft:entity.mule.death
[20:08:37] [Client thread/WARN]: Missing sound for event: minecraft:entity.mule.hurt
[20:08:37] [Client thread/WARN]: Missing sound for event: minecraft:entity.painting.break
[20:08:37] [Client thread/WARN]: Missing sound for event: minecraft:entity.painting.place
[20:08:37] [Client thread/WARN]: Missing sound for event: minecraft:entity.pig.ambient
[20:08:37] [Client thread/WARN]: Missing sound for event: minecraft:entity.pig.death
[20:08:37] [Client thread/WARN]: Missing sound for event: minecraft:entity.pig.hurt
[20:08:37] [Client thread/WARN]: Missing sound for event: minecraft:entity.pig.saddle
[20:08:37] [Client thread/WARN]: Missing sound for event: minecraft:entity.pig.step
[20:08:37] [Client thread/WARN]: Missing sound for event: minecraft:entity.player.attack.crit
[20:08:37] [Client thread/WARN]: Missing sound for event: minecraft:entity.player.attack.knockback
[20:08:37] [Client thread/WARN]: Missing sound for event: minecraft:entity.player.attack.nodamage
[20:08:37] [Client thread/WARN]: Missing sound for event: minecraft:entity.player.attack.strong
[20:08:37] [Client thread/WARN]: Missing sound for event: minecraft:entity.player.attack.sweep
[20:08:37] [Client thread/WARN]: Missing sound for event: minecraft:entity.player.attack.weak
[20:08:37] [Client thread/WARN]: Missing sound for event: minecraft:entity.player.big_fall
[20:08:37] [Client thread/WARN]: Missing sound for event: minecraft:entity.player.breath
[20:08:37] [Client thread/WARN]: Missing sound for event: minecraft:entity.player.burp
[20:08:37] [Client thread/WARN]: Missing sound for event: minecraft:entity.player.death
[20:08:37] [Client thread/WARN]: Missing sound for event: minecraft:entity.player.hurt
[20:08:37] [Client thread/WARN]: Missing sound for event: minecraft:entity.player.levelup
[20:08:37] [Client thread/WARN]: Missing sound for event: minecraft:entity.player.small_fall
[20:08:37] [Client thread/WARN]: Missing sound for event: minecraft:entity.player.splash
[20:08:37] [Client thread/WARN]: Missing sound for event: minecraft:entity.player.swim
[20:08:37] [Client thread/WARN]: Missing sound for event: minecraft:entity.polar_bear.ambient
[20:08:37] [Client thread/WARN]: Missing sound for event: minecraft:entity.polar_bear.baby_ambient
[20:08:37] [Client thread/WARN]: Missing sound for event: minecraft:entity.polar_bear.death
[20:08:37] [Client thread/WARN]: Missing sound for event: minecraft:entity.polar_bear.hurt
[20:08:37] [Client thread/WARN]: Missing sound for event: minecraft:entity.polar_bear.step
[20:08:37] [Client thread/WARN]: Missing sound for event: minecraft:entity.polar_bear.warning
[20:08:37] [Client thread/WARN]: Missing sound for event: minecraft:entity.rabbit.ambient
[20:08:37] [Client thread/WARN]: Missing sound for event: minecraft:entity.rabbit.attack
[20:08:37] [Client thread/WARN]: Missing sound for event: minecraft:entity.rabbit.death
[20:08:37] [Client thread/WARN]: Missing sound for event: minecraft:entity.rabbit.hurt
[20:08:37] [Client thread/WARN]: Missing sound for event: minecraft:entity.rabbit.jump
[20:08:37] [Client thread/WARN]: Missing sound for event: minecraft:entity.sheep.ambient
[20:08:37] [Client thread/WARN]: Missing sound for event: minecraft:entity.sheep.death
[20:08:37] [Client thread/WARN]: Missing sound for event: minecraft:entity.sheep.hurt
[20:08:37] [Client thread/WARN]: Missing sound for event: minecraft:entity.sheep.shear
[20:08:37] [Client thread/WARN]: Missing sound for event: minecraft:entity.sheep.step
[20:08:37] [Client thread/WARN]: Missing sound for event: minecraft:entity.shulker.ambient
[20:08:37] [Client thread/WARN]: Missing sound for event: minecraft:entity.shulker.close
[20:08:37] [Client thread/WARN]: Missing sound for event: minecraft:entity.shulker.death
[20:08:37] [Client thread/WARN]: Missing sound for event: minecraft:entity.shulker.hurt
[20:08:37] [Client thread/WARN]: Missing sound for event: minecraft:entity.shulker.hurt_closed
[20:08:37] [Client thread/WARN]: Missing sound for event: minecraft:entity.shulker.open
[20:08:37] [Client thread/WARN]: Missing sound for event: minecraft:entity.shulker.shoot
[20:08:37] [Client thread/WARN]: Missing sound for event: minecraft:entity.shulker.teleport
[20:08:37] [Client thread/WARN]: Missing sound for event: minecraft:entity.shulker_bullet.hit
[20:08:37] [Client thread/WARN]: Missing sound for event: minecraft:entity.shulker_bullet.hurt
[20:08:37] [Client thread/WARN]: Missing sound for event: minecraft:entity.silverfish.ambient
[20:08:37] [Client thread/WARN]: Missing sound for event: minecraft:entity.silverfish.death
[20:08:37] [Client thread/WARN]: Missing sound for event: minecraft:entity.silverfish.hurt
[20:08:37] [Client thread/WARN]: Missing sound for event: minecraft:entity.silverfish.step
[20:08:37] [Client thread/WARN]: Missing sound for event: minecraft:entity.skeleton.ambient
[20:08:37] [Client thread/WARN]: Missing sound for event: minecraft:entity.skeleton.death
[20:08:37] [Client thread/WARN]: Missing sound for event: minecraft:entity.skeleton.hurt
[20:08:37] [Client thread/WARN]: Missing sound for event: minecraft:entity.skeleton.shoot
[20:08:37] [Client thread/WARN]: Missing sound for event: minecraft:entity.skeleton.step
[20:08:37] [Client thread/WARN]: Missing sound for event: minecraft:entity.skeleton_horse.ambient
[20:08:37] [Client thread/WARN]: Missing sound for event: minecraft:entity.skeleton_horse.death
[20:08:37] [Client thread/WARN]: Missing sound for event: minecraft:entity.skeleton_horse.hurt
[20:08:37] [Client thread/WARN]: Missing sound for event: minecraft:entity.slime.attack
[20:08:37] [Client thread/WARN]: Missing sound for event: minecraft:entity.slime.death
[20:08:37] [Client thread/WARN]: Missing sound for event: minecraft:entity.slime.hurt
[20:08:37] [Client thread/WARN]: Missing sound for event: minecraft:entity.slime.jump
[20:08:37] [Client thread/WARN]: Missing sound for event: minecraft:entity.slime.squish
[20:08:37] [Client thread/WARN]: Missing sound for event: minecraft:entity.small_magmacube.death
[20:08:37] [Client thread/WARN]: Missing sound for event: minecraft:entity.small_magmacube.hurt
[20:08:37] [Client thread/WARN]: Missing sound for event: minecraft:entity.small_magmacube.squish
[20:08:37] [Client thread/WARN]: Missing sound for event: minecraft:entity.small_slime.death
[20:08:37] [Client thread/WARN]: Missing sound for event: minecraft:entity.small_slime.hurt
[20:08:37] [Client thread/WARN]: Missing sound for event: minecraft:entity.small_slime.jump
[20:08:37] [Client thread/WARN]: Missing sound for event: minecraft:entity.small_slime.squish
[20:08:37] [Client thread/WARN]: Missing sound for event: minecraft:entity.snowball.throw
[20:08:37] [Client thread/WARN]: Missing sound for event: minecraft:entity.snowman.ambient
[20:08:37] [Client thread/WARN]: Missing sound for event: minecraft:entity.snowman.death
[20:08:37] [Client thread/WARN]: Missing sound for event: minecraft:entity.snowman.hurt
[20:08:37] [Client thread/WARN]: Missing sound for event: minecraft:entity.snowman.shoot
[20:08:37] [Client thread/WARN]: Missing sound for event: minecraft:entity.spider.ambient
[20:08:37] [Client thread/WARN]: Missing sound for event: minecraft:entity.spider.death
[20:08:37] [Client thread/WARN]: Missing sound for event: minecraft:entity.spider.hurt
[20:08:37] [Client thread/WARN]: Missing sound for event: minecraft:entity.spider.step
[20:08:37] [Client thread/WARN]: Missing sound for event: minecraft:entity.splash_potion.break
[20:08:37] [Client thread/WARN]: Missing sound for event: minecraft:entity.splash_potion.throw
[20:08:37] [Client thread/WARN]: Missing sound for event: minecraft:entity.squid.ambient
[20:08:37] [Client thread/WARN]: Missing sound for event: minecraft:entity.squid.death
[20:08:37] [Client thread/WARN]: Missing sound for event: minecraft:entity.squid.hurt
[20:08:37] [Client thread/WARN]: Missing sound for event: minecraft:entity.stray.ambient
[20:08:37] [Client thread/WARN]: Missing sound for event: minecraft:entity.stray.death
[20:08:37] [Client thread/WARN]: Missing sound for event: minecraft:entity.stray.hurt
[20:08:37] [Client thread/WARN]: Missing sound for event: minecraft:entity.stray.step
[20:08:37] [Client thread/WARN]: Missing sound for event: minecraft:entity.tnt.primed
[20:08:37] [Client thread/WARN]: Missing sound for event: minecraft:entity.villager.ambient
[20:08:37] [Client thread/WARN]: Missing sound for event: minecraft:entity.villager.death
[20:08:37] [Client thread/WARN]: Missing sound for event: minecraft:entity.villager.hurt
[20:08:37] [Client thread/WARN]: Missing sound for event: minecraft:entity.villager.no
[20:08:37] [Client thread/WARN]: Missing sound for event: minecraft:entity.villager.trading
[20:08:37] [Client thread/WARN]: Missing sound for event: minecraft:entity.villager.yes
[20:08:37] [Client thread/WARN]: Missing sound for event: minecraft:entity.witch.ambient
[20:08:37] [Client thread/WARN]: Missing sound for event: minecraft:entity.witch.death
[20:08:37] [Client thread/WARN]: Missing sound for event: minecraft:entity.witch.drink
[20:08:37] [Client thread/WARN]: Missing sound for event: minecraft:entity.witch.hurt
[20:08:37] [Client thread/WARN]: Missing sound for event: minecraft:entity.witch.throw
[20:08:37] [Client thread/WARN]: Missing sound for event: minecraft:entity.wither.ambient
[20:08:37] [Client thread/WARN]: Missing sound for event: minecraft:entity.wither.break_block
[20:08:37] [Client thread/WARN]: Missing sound for event: minecraft:entity.wither.death
[20:08:37] [Client thread/WARN]: Missing sound for event: minecraft:entity.wither.hurt
[20:08:37] [Client thread/WARN]: Missing sound for event: minecraft:entity.wither.shoot
[20:08:37] [Client thread/WARN]: Missing sound for event: minecraft:entity.wither.spawn
[20:08:37] [Client thread/WARN]: Missing sound for event: minecraft:entity.wither_skeleton.ambient
[20:08:37] [Client thread/WARN]: Missing sound for event: minecraft:entity.wither_skeleton.death
[20:08:37] [Client thread/WARN]: Missing sound for event: minecraft:entity.wither_skeleton.hurt
[20:08:37] [Client thread/WARN]: Missing sound for event: minecraft:entity.wither_skeleton.step
[20:08:37] [Client thread/WARN]: Missing sound for event: minecraft:entity.wolf.ambient
[20:08:37] [Client thread/WARN]: Missing sound for event: minecraft:entity.wolf.death
[20:08:37] [Client thread/WARN]: Missing sound for event: minecraft:entity.wolf.growl
[20:08:37] [Client thread/WARN]: Missing sound for event: minecraft:entity.wolf.howl
[20:08:37] [Client thread/WARN]: Missing sound for event: minecraft:entity.wolf.hurt
[20:08:37] [Client thread/WARN]: Missing sound for event: minecraft:entity.wolf.pant
[20:08:37] [Client thread/WARN]: Missing sound for event: minecraft:entity.wolf.shake
[20:08:37] [Client thread/WARN]: Missing sound for event: minecraft:entity.wolf.step
[20:08:37] [Client thread/WARN]: Missing sound for event: minecraft:entity.wolf.whine
[20:08:37] [Client thread/WARN]: Missing sound for event: minecraft:entity.zombie.ambient
[20:08:37] [Client thread/WARN]: Missing sound for event: minecraft:entity.zombie.attack_door_wood
[20:08:37] [Client thread/WARN]: Missing sound for event: minecraft:entity.zombie.attack_iron_door
[20:08:37] [Client thread/WARN]: Missing sound for event: minecraft:entity.zombie.break_door_wood
[20:08:37] [Client thread/WARN]: Missing sound for event: minecraft:entity.zombie.death
[20:08:37] [Client thread/WARN]: Missing sound for event: minecraft:entity.zombie.hurt
[20:08:37] [Client thread/WARN]: Missing sound for event: minecraft:entity.zombie.infect
[20:08:37] [Client thread/WARN]: Missing sound for event: minecraft:entity.zombie.step
[20:08:37] [Client thread/WARN]: Missing sound for event: minecraft:entity.zombie_horse.ambient
[20:08:37] [Client thread/WARN]: Missing sound for event: minecraft:entity.zombie_horse.death
[20:08:37] [Client thread/WARN]: Missing sound for event: minecraft:entity.zombie_horse.hurt
[20:08:37] [Client thread/WARN]: Missing sound for event: minecraft:entity.zombie_pig.ambient
[20:08:37] [Client thread/WARN]: Missing sound for event: minecraft:entity.zombie_pig.angry
[20:08:37] [Client thread/WARN]: Missing sound for event: minecraft:entity.zombie_pig.death
[20:08:37] [Client thread/WARN]: Missing sound for event: minecraft:entity.zombie_pig.hurt
[20:08:37] [Client thread/WARN]: Missing sound for event: minecraft:entity.zombie_villager.ambient
[20:08:37] [Client thread/WARN]: Missing sound for event: minecraft:entity.zombie_villager.converted
[20:08:37] [Client thread/WARN]: Missing sound for event: minecraft:entity.zombie_villager.cure
[20:08:37] [Client thread/WARN]: Missing sound for event: minecraft:entity.zombie_villager.death
[20:08:37] [Client thread/WARN]: Missing sound for event: minecraft:entity.zombie_villager.hurt
[20:08:37] [Client thread/WARN]: Missing sound for event: minecraft:entity.zombie_villager.step
[20:08:37] [Client thread/WARN]: Missing sound for event: minecraft:item.armor.equip_chain
[20:08:37] [Client thread/WARN]: Missing sound for event: minecraft:item.armor.equip_diamond
[20:08:37] [Client thread/WARN]: Missing sound for event: minecraft:item.armor.equip_generic
[20:08:37] [Client thread/WARN]: Missing sound for event: minecraft:item.armor.equip_gold
[20:08:37] [Client thread/WARN]: Missing sound for event: minecraft:item.armor.equip_iron
[20:08:37] [Client thread/WARN]: Missing sound for event: minecraft:item.armor.equip_leather
[20:08:37] [Client thread/WARN]: Missing sound for event: minecraft:item.bottle.fill
[20:08:37] [Client thread/WARN]: Missing sound for event: minecraft:item.bottle.fill_dragonbreath
[20:08:37] [Client thread/WARN]: Missing sound for event: minecraft:item.bucket.empty
[20:08:37] [Client thread/WARN]: Missing sound for event: minecraft:item.bucket.empty_lava
[20:08:37] [Client thread/WARN]: Missing sound for event: minecraft:item.bucket.fill
[20:08:37] [Client thread/WARN]: Missing sound for event: minecraft:item.bucket.fill_lava
[20:08:37] [Client thread/WARN]: Missing sound for event: minecraft:item.chorus_fruit.teleport
[20:08:37] [Client thread/WARN]: Missing sound for event: minecraft:item.elytra.flying
[20:08:37] [Client thread/WARN]: Missing sound for event: minecraft:item.firecharge.use
[20:08:37] [Client thread/WARN]: Missing sound for event: minecraft:item.flintandsteel.use
[20:08:37] [Client thread/WARN]: Missing sound for event: minecraft:item.hoe.till
[20:08:37] [Client thread/WARN]: Missing sound for event: minecraft:item.shield.block
[20:08:37] [Client thread/WARN]: Missing sound for event: minecraft:item.shield.break
[20:08:37] [Client thread/WARN]: Missing sound for event: minecraft:item.shovel.flatten
[20:08:37] [Client thread/WARN]: Missing sound for event: minecraft:music.creative
[20:08:37] [Client thread/WARN]: Missing sound for event: minecraft:music.credits
[20:08:37] [Client thread/WARN]: Missing sound for event: minecraft:music.dragon
[20:08:37] [Client thread/WARN]: Missing sound for event: minecraft:music.end
[20:08:37] [Client thread/WARN]: Missing sound for event: minecraft:music.game
[20:08:37] [Client thread/WARN]: Missing sound for event: minecraft:music.menu
[20:08:37] [Client thread/WARN]: Missing sound for event: minecraft:music.nether
[20:08:37] [Client thread/WARN]: Missing sound for event: minecraft:record.11
[20:08:37] [Client thread/WARN]: Missing sound for event: minecraft:record.13
[20:08:37] [Client thread/WARN]: Missing sound for event: minecraft:record.blocks
[20:08:37] [Client thread/WARN]: Missing sound for event: minecraft:record.cat
[20:08:37] [Client thread/WARN]: Missing sound for event: minecraft:record.chirp
[20:08:37] [Client thread/WARN]: Missing sound for event: minecraft:record.far
[20:08:37] [Client thread/WARN]: Missing sound for event: minecraft:record.mall
[20:08:37] [Client thread/WARN]: Missing sound for event: minecraft:record.mellohi
[20:08:37] [Client thread/WARN]: Missing sound for event: minecraft:record.stal
[20:08:37] [Client thread/WARN]: Missing sound for event: minecraft:record.strad
[20:08:37] [Client thread/WARN]: Missing sound for event: minecraft:record.wait
[20:08:37] [Client thread/WARN]: Missing sound for event: minecraft:record.ward
[20:08:37] [Client thread/WARN]: Missing sound for event: minecraft:ui.button.click
[20:08:37] [Client thread/WARN]: Missing sound for event: minecraft:weather.rain
[20:08:37] [Client thread/WARN]: Missing sound for event: minecraft:weather.rain.above
[20:08:37] [Sound Library Loader/INFO]: Starting up SoundSystem...
[20:08:37] [Thread-5/INFO]: Initializing LWJGL OpenAL
[20:08:37] [Thread-5/INFO]: (The LWJGL binding of OpenAL.  For more information, see http://www.lwjgl.org)
[20:08:37] [Thread-5/INFO]: OpenAL initialized.
[20:08:38] [Sound Library Loader/INFO]: Sound engine started
[20:08:38] [Client thread/INFO]: Created: 1024x512 textures-atlas
[20:08:39] [Realms Notification Availability checker #1/INFO]: Could not authorize you against Realms server: Invalid session id
[20:08:43] [Server thread/INFO]: Starting integrated minecraft server version 1.10
[20:08:43] [Server thread/INFO]: Generating keypair
[20:08:43] [Server thread/INFO]: Preparing start region for level 0
[20:08:44] [Server thread/INFO]: Changing view distance to 12, from 10
[20:08:44] [Server thread/INFO]: Player395[local:E:345ecfe8] logged in with entity id 363 at (334.327610214705, 71.0, -23.855887611775145)
[20:08:44] [Server thread/INFO]: Player395 joined the game
[20:08:45] [Server thread/INFO]: Saving and pausing game...
[20:08:45] [Server thread/INFO]: Saving chunks for level 'New World'/Overworld
[20:08:45] [Server thread/INFO]: Saving chunks for level 'New World'/Nether
[20:08:45] [Server thread/INFO]: Saving chunks for level 'New World'/The End
[20:10:06] [Server thread/INFO]: Saving and pausing game...
[20:10:06] [Server thread/INFO]: Saving chunks for level 'New World'/Overworld
[20:10:06] [Server thread/INFO]: Saving chunks for level 'New World'/Nether
[20:10:06] [Server thread/INFO]: Saving chunks for level 'New World'/The End
[20:10:07] [Server thread/INFO]: Stopping server
[20:10:07] [Server thread/INFO]: Saving players
[20:10:07] [Server thread/INFO]: Saving worlds
[20:10:07] [Server thread/INFO]: Saving chunks for level 'New World'/Overworld
[20:10:07] [Server thread/INFO]: Saving chunks for level 'New World'/Nether
[20:10:07] [Server thread/INFO]: Saving chunks for level 'New World'/The End
[20:10:11] [Client thread/INFO]: Stopping!
[20:10:11] [Client thread/INFO]: SoundSystem shutting down...
[20:10:11] [Client thread/WARN]: Author: Paul Lamb, www.paulscode.com
